Using pre-set license
Built from '2021.3/staging' branch; Version is '2021.3.0f1 (6eacc8284459) revision 7253192'; Using compiler version '192829333'; Build Type 'Release'
OS: 'Windows 10  (10.0.19044) 64bit Core' Language: 'en' Physical Memory: 7934 MB
BatchMode: 1, IsHumanControllingUs: 0, StartBugReporterOnCrash: 0, Is64bit: 1, IsPro: 1

COMMAND LINE ARGUMENTS:
C:\Program Files\Unity\Hub\Editor\2021.3.0f1\Editor\Unity.exe
-adb2
-batchMode
-noUpm
-name
AssetImportWorker0
-projectPath
C:/Users/HiLab/Documents/GitHub/Hand-Interfaces/handinterfaces
-logFile
Logs/AssetImportWorker0.log
-srvPort
59818
Successfully changed project path to: C:/Users/HiLab/Documents/GitHub/Hand-Interfaces/handinterfaces
C:/Users/HiLab/Documents/GitHub/Hand-Interfaces/handinterfaces
[UnityMemory] Configuration Parameters - Can be set up in boot.config
    "memorysetup-bucket-allocator-granularity=16"
    "memorysetup-bucket-allocator-bucket-count=8"
    "memorysetup-bucket-allocator-block-size=33554432"
    "memorysetup-bucket-allocator-block-count=8"
    "memorysetup-main-allocator-block-size=16777216"
    "memorysetup-thread-allocator-block-size=16777216"
    "memorysetup-gfx-main-allocator-block-size=16777216"
    "memorysetup-gfx-thread-allocator-block-size=16777216"
    "memorysetup-cache-allocator-block-size=4194304"
    "memorysetup-typetree-allocator-block-size=2097152"
    "memorysetup-profiler-bucket-allocator-granularity=16"
    "memorysetup-profiler-bucket-allocator-bucket-count=8"
    "memorysetup-profiler-bucket-allocator-block-size=33554432"
    "memorysetup-profiler-bucket-allocator-block-count=8"
    "memorysetup-profiler-allocator-block-size=16777216"
    "memorysetup-profiler-editor-allocator-block-size=1048576"
    "memorysetup-temp-allocator-size-main=16777216"
    "memorysetup-job-temp-allocator-block-size=2097152"
    "memorysetup-job-temp-allocator-block-size-background=1048576"
    "memorysetup-job-temp-allocator-reduction-small-platforms=262144"
    "memorysetup-temp-allocator-size-background-worker=32768"
    "memorysetup-temp-allocator-size-job-worker=262144"
    "memorysetup-temp-allocator-size-preload-manager=33554432"
    "memorysetup-temp-allocator-size-nav-mesh-worker=65536"
    "memorysetup-temp-allocator-size-audio-worker=65536"
    "memorysetup-temp-allocator-size-cloud-worker=32768"
    "memorysetup-temp-allocator-size-gi-baking-worker=262144"
    "memorysetup-temp-allocator-size-gfx=262144"
Refreshing native plugins compatible for Editor in 112.13 ms, found 6 plugins.
Preloading 1 native plugins for Editor in 3.31 ms.
Initialize engine version: 2021.3.0f1 (6eacc8284459)
[Subsystems] Discovering subsystems at path C:/Program Files/Unity/Hub/Editor/2021.3.0f1/Editor/Data/Resources/UnitySubsystems
[Subsystems] Discovering subsystems at path C:/Users/HiLab/Documents/GitHub/Hand-Interfaces/handinterfaces/Assets
GfxDevice: creating device client; threaded=0; jobified=0
Direct3D:
    Version:  Direct3D 11.0 [level 11.1]
    Renderer: NVIDIA GeForce RTX 3050 Ti Laptop GPU (ID=0x25a0)
    Vendor:   NVIDIA
    VRAM:     3990 MB
    Driver:   30.0.14.9613
Shader 'Oculus/OVRMRCameraFrameLit': fallback shader 'Alpha-Diffuse' not found
Initialize mono
Mono path[0] = 'C:/Program Files/Unity/Hub/Editor/2021.3.0f1/Editor/Data/Managed'
Mono path[1] = 'C:/Program Files/Unity/Hub/Editor/2021.3.0f1/Editor/Data/MonoBleedingEdge/lib/mono/unityjit-win32'
Mono config path = 'C:/Program Files/Unity/Hub/Editor/2021.3.0f1/Editor/Data/MonoBleedingEdge/etc'
Using monoOptions --debugger-agent=transport=dt_socket,embedding=1,server=y,suspend=n,address=127.0.0.1:56968
Begin MonoManager ReloadAssembly
Registering precompiled unity dll's ...
Register platform support module: C:/Program Files/Unity/Hub/Editor/2021.3.0f1/Editor/Data/PlaybackEngines/AndroidPlayer/UnityEditor.Android.Extensions.dll
Register platform support module: C:/Program Files/Unity/Hub/Editor/2021.3.0f1/Editor/Data/PlaybackEngines/WindowsStandaloneSupport/UnityEditor.WindowsStandalone.Extensions.dll
Registered in 0.009023 seconds.
Native extension for WindowsStandalone target not found
Native extension for Android target not found
Refreshing native plugins compatible for Editor in 90.74 ms, found 6 plugins.
Preloading 1 native plugins for Editor in 0.24 ms.
Mono: successfully reloaded assembly
- Completed reload, in  0.710 seconds
Domain Reload Profiling:
	ReloadAssembly (710ms)
		BeginReloadAssembly (78ms)
			ExecutionOrderSort (0ms)
			DisableScriptedObjects (0ms)
			BackupInstance (0ms)
			ReleaseScriptingObjects (0ms)
			CreateAndSetChildDomain (1ms)
		EndReloadAssembly (525ms)
			LoadAssemblies (76ms)
			RebuildTransferFunctionScriptingTraits (0ms)
			SetupTypeCache (129ms)
			ReleaseScriptCaches (0ms)
			RebuildScriptCaches (29ms)
			SetupLoadedEditorAssemblies (311ms)
				LogAssemblyErrors (0ms)
				InitializePlatformSupportModulesInManaged (68ms)
				SetLoadedEditorAssemblies (0ms)
				RefreshPlugins (91ms)
				BeforeProcessingInitializeOnLoad (1ms)
				ProcessInitializeOnLoadAttributes (99ms)
				ProcessInitializeOnLoadMethodAttributes (52ms)
				AfterProcessingInitializeOnLoad (0ms)
				EditorAssembliesLoaded (0ms)
			ExecutionOrderSort2 (0ms)
			AwakeInstancesAfterBackupRestoration (0ms)
Platform modules already initialized, skipping
Registering precompiled user dll's ...
Registered in 0.004968 seconds.
Android Extension - Scanning For ADB Devices 912 ms
Begin MonoManager ReloadAssembly
Native extension for WindowsStandalone target not found
Native extension for Android target not found
Refreshing native plugins compatible for Editor in 1.64 ms, found 6 plugins.
Preloading 1 native plugins for Editor in 0.16 ms.
[XR] OculusXRPlugin: registering subsystems
[XR] Unable to register display lifecyle provider: [1]
[XR] Oculus Input lifecycle provider registered.
[XR] Unable to register input lifecyle provider: [1]
[XR] OVRP version 1.70.0
Mono: successfully reloaded assembly
Package Manager log level set to [2]
- Completed reload, in  1.537 seconds
Domain Reload Profiling:
	ReloadAssembly (1538ms)
		BeginReloadAssembly (181ms)
			ExecutionOrderSort (0ms)
			DisableScriptedObjects (6ms)
			BackupInstance (0ms)
			ReleaseScriptingObjects (0ms)
			CreateAndSetChildDomain (41ms)
		EndReloadAssembly (1180ms)
			LoadAssemblies (237ms)
			RebuildTransferFunctionScriptingTraits (0ms)
			SetupTypeCache (295ms)
			ReleaseScriptCaches (2ms)
			RebuildScriptCaches (122ms)
			SetupLoadedEditorAssemblies (465ms)
				LogAssemblyErrors (0ms)
				InitializePlatformSupportModulesInManaged (20ms)
				SetLoadedEditorAssemblies (0ms)
				RefreshPlugins (2ms)
				BeforeProcessingInitializeOnLoad (94ms)
				ProcessInitializeOnLoadAttributes (284ms)
				ProcessInitializeOnLoadMethodAttributes (53ms)
				AfterProcessingInitializeOnLoad (12ms)
				EditorAssembliesLoaded (0ms)
			ExecutionOrderSort2 (0ms)
			AwakeInstancesAfterBackupRestoration (8ms)
Platform modules already initialized, skipping
========================================================================
Worker process is ready to serve import requests
Shader 'Oculus/OVRMRCameraFrameLit': fallback shader 'Alpha-Diffuse' not found
Launched and connected shader compiler UnityShaderCompiler.exe after 0.09 seconds
Refreshing native plugins compatible for Editor in 5.15 ms, found 6 plugins.
Preloading 1 native plugins for Editor in 0.57 ms.
Unloading 3429 Unused Serialized files (Serialized files now loaded: 0)
Unloading 46 unused Assets / (204.7 KB). Loaded Objects now: 3892.
Memory consumption went from 161.7 MB to 161.5 MB.
Total: 6.719900 ms (FindLiveObjects: 1.163300 ms CreateObjectMapping: 0.556400 ms MarkObjects: 4.566000 ms  DeleteObjects: 0.430200 ms)

AssetImportParameters requested are different than current active one (requested -> active):
  custom:video-decoder-ogg-theora: a1e56fd34408186e4bbccfd4996cb3dc -> 
  custom:container-muxer-webm: aa71ff27fc2769a1b78a27578f13a17b -> 
  custom:container-demuxer-webm: 4f35f7cbe854078d1ac9338744f61a02 -> 
  custom:video-encoder-webm-vp8: eb34c28f22e8b96e1ab97ce403110664 -> 
  custom:video-codec-MediaFoundation-h265: 746d11721c4dcdbdad8f713fa42b33f4 -> 
  custom:audio-encoder-webm-vorbis: bf7c407c2cedff20999df2af8eb42d56 -> 
  custom:framework-win-MediaFoundation: 216162199b28c13a410421893ffa2e32 -> 
  custom:container-demuxer-ogg: 62fdf1f143b41e24485cea50d1cbac27 -> 
  custom:video-decoder-webm-vp8: 9c59270c3fd7afecdb556c50c9e8de78 -> 
  custom:audio-decoder-ogg-vorbis: bf7c407c2cedff20999df2af8eb42d56 -> 
========================================================================
Received Import Request.
  Time since last request: 599856.918224 seconds.
  path: Assets/Oculus/SampleFramework/Usage/Passthrough/Materials/ColorWheel.png
  artifactKey: Guid(5515134bbb0515545a347aafbba91666) Importer(815301076,1909f56bfc062723c751e8b465ee728b)
Start importing Assets/Oculus/SampleFramework/Usage/Passthrough/Materials/ColorWheel.png using Guid(5515134bbb0515545a347aafbba91666) Importer(815301076,1909f56bfc062723c751e8b465ee728b)  -> (artifact id: 'a1d1152b204e4c6e155a48ced353c032') in 0.210652 seconds 
========================================================================
Received Import Request.
  Time since last request: 0.000092 seconds.
  path: Assets/Other Assets/PBR Old Flip Phone/Models/Textures/flip_phone_lcd.psd
  artifactKey: Guid(ffe7729e192940f439de5f6ad0da73bb) Importer(815301076,1909f56bfc062723c751e8b465ee728b)
Start importing Assets/Other Assets/PBR Old Flip Phone/Models/Textures/flip_phone_lcd.psd using Guid(ffe7729e192940f439de5f6ad0da73bb) Importer(815301076,1909f56bfc062723c751e8b465ee728b)  -> (artifact id: 'e0e0617c493000b15bb6d2155dd1683d') in 0.050188 seconds 
========================================================================
Received Import Request.
  Time since last request: 0.000153 seconds.
  path: Assets/Oculus/Interaction/Samples/ThirdParty/Textures/ComprehensiveGrabMapTexture.png
  artifactKey: Guid(1b30196ca66ece04f80c3809a3133644) Importer(815301076,1909f56bfc062723c751e8b465ee728b)
Start importing Assets/Oculus/Interaction/Samples/ThirdParty/Textures/ComprehensiveGrabMapTexture.png using Guid(1b30196ca66ece04f80c3809a3133644) Importer(815301076,1909f56bfc062723c751e8b465ee728b)  -> (artifact id: '0e9bfef00005ff665bcb8fd9d7a27a55') in 0.177982 seconds 
========================================================================
Received Import Request.
  Time since last request: 0.000057 seconds.
  path: Assets/Oculus/Voice/Lib/Wit.ai/Resources/continue-with-fb.png
  artifactKey: Guid(2ed0be21c4a8bce4fadffab71d5b6e85) Importer(815301076,1909f56bfc062723c751e8b465ee728b)
Start importing Assets/Oculus/Voice/Lib/Wit.ai/Resources/continue-with-fb.png using Guid(2ed0be21c4a8bce4fadffab71d5b6e85) Importer(815301076,1909f56bfc062723c751e8b465ee728b)  -> (artifact id: '3592af1e56b8b93c65fa44a61270e59b') in 0.040788 seconds 
========================================================================
Received Import Request.
  Time since last request: 0.000284 seconds.
  path: Assets/Oculus/Interaction/Samples/Textures/OCUIIconSet/OCUI_24_Outline_2x.png
  artifactKey: Guid(4f3b4a4ae58ad484e9fc92ab68a8ffef) Importer(815301076,1909f56bfc062723c751e8b465ee728b)
Start importing Assets/Oculus/Interaction/Samples/Textures/OCUIIconSet/OCUI_24_Outline_2x.png using Guid(4f3b4a4ae58ad484e9fc92ab68a8ffef) Importer(815301076,1909f56bfc062723c751e8b465ee728b)  -> (artifact id: 'b38a42b4facda2700c78c6b236be51be') in 1.771144 seconds 
========================================================================
Received Import Request.
  Time since last request: 7.283988 seconds.
  path: Assets/Other Assets/skybox.mat
  artifactKey: Guid(8e1647c666e9f16479f679a4ce1afa45) Importer(815301076,1909f56bfc062723c751e8b465ee728b)
Start importing Assets/Other Assets/skybox.mat using Guid(8e1647c666e9f16479f679a4ce1afa45) Importer(815301076,1909f56bfc062723c751e8b465ee728b)  -> (artifact id: '9e3a53be64c75f37d47056e64c8159ec') in 0.049139 seconds 
========================================================================
Received Import Request.
  Time since last request: 6.664627 seconds.
  path: Assets/My Assets/my materials/BinocularView 1.psd
  artifactKey: Guid(85ca3b306651f66408fff1ffd7ba7669) Importer(815301076,1909f56bfc062723c751e8b465ee728b)
Start importing Assets/My Assets/my materials/BinocularView 1.psd using Guid(85ca3b306651f66408fff1ffd7ba7669) Importer(815301076,1909f56bfc062723c751e8b465ee728b)  -> (artifact id: '20bae3ab7d0af47e77b8582f09bd126e') in 0.050773 seconds 
========================================================================
Received Import Request.
  Time since last request: 0.000048 seconds.
  path: Assets/My Assets/my materials/world-satellite-clipped_4x3.mat
  artifactKey: Guid(eabd781742e82354b8147559883cef9f) Importer(815301076,1909f56bfc062723c751e8b465ee728b)
Start importing Assets/My Assets/my materials/world-satellite-clipped_4x3.mat using Guid(eabd781742e82354b8147559883cef9f) Importer(815301076,1909f56bfc062723c751e8b465ee728b)  -> (artifact id: '141178110d6b61444a0eeed97464c2dc') in 0.114755 seconds 
========================================================================
Received Import Request.
  Time since last request: 0.000127 seconds.
  path: Assets/My Assets/my materials/Water.mat
  artifactKey: Guid(58f39f0481169f54aaab2766d5211289) Importer(815301076,1909f56bfc062723c751e8b465ee728b)
Start importing Assets/My Assets/my materials/Water.mat using Guid(58f39f0481169f54aaab2766d5211289) Importer(815301076,1909f56bfc062723c751e8b465ee728b)  -> (artifact id: 'd69a3846b96362d54cfdeb8a754c65f0') in 0.024823 seconds 
========================================================================
Received Import Request.
  Time since last request: 0.000118 seconds.
  path: Assets/My Assets/my materials/New Material 4.mat
  artifactKey: Guid(891b2c3d22b8b964284a6c73b7e11541) Importer(815301076,1909f56bfc062723c751e8b465ee728b)
Start importing Assets/My Assets/my materials/New Material 4.mat using Guid(891b2c3d22b8b964284a6c73b7e11541) Importer(815301076,1909f56bfc062723c751e8b465ee728b)  -> (artifact id: '49f8556d174eea185532bb39d65b9017') in 0.020982 seconds 
========================================================================
Received Import Request.
  Time since last request: 0.000061 seconds.
  path: Assets/My Assets/my materials/darkwood.mat
  artifactKey: Guid(d737141f5a5ab614a90f18be7acd9a48) Importer(815301076,1909f56bfc062723c751e8b465ee728b)
Start importing Assets/My Assets/my materials/darkwood.mat using Guid(d737141f5a5ab614a90f18be7acd9a48) Importer(815301076,1909f56bfc062723c751e8b465ee728b)  -> (artifact id: 'd3ff184625309d598dc4cd2a11d7d10a') in 0.084473 seconds 
========================================================================
Received Import Request.
  Time since last request: 0.000039 seconds.
  path: Assets/My Assets/my materials/New Physic Material.physicMaterial
  artifactKey: Guid(ba59a7f07d15a6145a7826194d3da760) Importer(815301076,1909f56bfc062723c751e8b465ee728b)
Start importing Assets/My Assets/my materials/New Physic Material.physicMaterial using Guid(ba59a7f07d15a6145a7826194d3da760) Importer(815301076,1909f56bfc062723c751e8b465ee728b)  -> (artifact id: 'da80d67666f18bd08f13f909e533560c') in 0.005854 seconds 
========================================================================
Received Import Request.
  Time since last request: 0.000096 seconds.
  path: Assets/My Assets/my materials/mattegreen.mat
  artifactKey: Guid(8932d3483d0f9dc4994cc3214e9d7e35) Importer(815301076,1909f56bfc062723c751e8b465ee728b)
Start importing Assets/My Assets/my materials/mattegreen.mat using Guid(8932d3483d0f9dc4994cc3214e9d7e35) Importer(815301076,1909f56bfc062723c751e8b465ee728b)  -> (artifact id: '8ed917244ec049f81340dabfd3a759f4') in 0.029920 seconds 
========================================================================
Received Import Request.
  Time since last request: 0.000083 seconds.
  path: Assets/My Assets/my materials/RetrievalQuestions.mat
  artifactKey: Guid(741ae41379d3a0b469e2666ec6552aa7) Importer(815301076,1909f56bfc062723c751e8b465ee728b)
Start importing Assets/My Assets/my materials/RetrievalQuestions.mat using Guid(741ae41379d3a0b469e2666ec6552aa7) Importer(815301076,1909f56bfc062723c751e8b465ee728b)  -> (artifact id: '05452c6cd674d92a3af7465d21db4232') in 0.067394 seconds 
========================================================================
Received Import Request.
  Time since last request: 0.000089 seconds.
  path: Assets/My Assets/my materials/FishingLine.mat
  artifactKey: Guid(32f6ed216e89c864497ae6cc44862dcd) Importer(815301076,1909f56bfc062723c751e8b465ee728b)
Start importing Assets/My Assets/my materials/FishingLine.mat using Guid(32f6ed216e89c864497ae6cc44862dcd) Importer(815301076,1909f56bfc062723c751e8b465ee728b)  -> (artifact id: 'eaba5522404d86bfa7a98b05db116041') in 0.021276 seconds 
========================================================================
Received Import Request.
  Time since last request: 0.000218 seconds.
  path: Assets/My Assets/my materials/long-key.prefab
  artifactKey: Guid(185762778c9f1214580f321c5e38fdac) Importer(815301076,1909f56bfc062723c751e8b465ee728b)
Start importing Assets/My Assets/my materials/long-key.prefab using Guid(185762778c9f1214580f321c5e38fdac) Importer(815301076,1909f56bfc062723c751e8b465ee728b)  -> (artifact id: '25f3ad37ef0deeed26e299795f622394') in 0.041054 seconds 
========================================================================
Received Import Request.
  Time since last request: 0.000041 seconds.
  path: Assets/My Assets/my materials/Copper.mat
  artifactKey: Guid(d045d1131bbc66b4a9a4fb5b07e732ce) Importer(815301076,1909f56bfc062723c751e8b465ee728b)
Start importing Assets/My Assets/my materials/Copper.mat using Guid(d045d1131bbc66b4a9a4fb5b07e732ce) Importer(815301076,1909f56bfc062723c751e8b465ee728b)  -> (artifact id: '4faa4c658aa972e83f26cd6d073ea699') in 0.029892 seconds 
Editor requested this worker to shutdown with reason: Scaling down because of idle timeout
AssetImportWorker is now disconnected from the server
Process exiting
Exiting without the bug reporter. Application will terminate with return code 0